<?xml version="1.0" encoding="UTF-8"?>
<!-- Generated by org.testng.reporters.JUnitReportReporter -->
<testsuite skipped="0" hostname="DESKTOP-LFLVMEF" name="test.AddCustomerTest" tests="1" failures="0" timestamp="2022-03-27T12:56:35 CDT" time="13.133" errors="0">
  <testcase name="validUserShouldBeAbleToCreateCustomer" time="13.133" classname="test.AddCustomerTest"/>
  <system-out/>
</testsuite> <!-- test.AddCustomerTest -->
